2020-04-22 22:35:54,758 - [INFO] - from org.nd4j.linalg.factory.Nd4jBackend in main
                
Loaded [CpuBackend] backend

2020-04-22 22:35:55,315 - [INFO] - from org.nd4j.nativeblas.NativeOpsHolder in main
                
Number of threads used for linear algebra: 4

2020-04-22 22:35:55,316 - [WARN] - from org.nd4j.linalg.cpu.nativecpu.CpuNDArrayFactory in main
                
*********************************** CPU Feature Check Warning ***********************************

2020-04-22 22:35:55,316 - [WARN] - from org.nd4j.linalg.cpu.nativecpu.CpuNDArrayFactory in main
                
Warning: Initializing ND4J with Generic x86 binary on a CPU with AVX/AVX2 support

2020-04-22 22:35:55,316 - [WARN] - from org.nd4j.linalg.cpu.nativecpu.CpuNDArrayFactory in main
                
Using ND4J with AVX/AVX2 will improve performance. See deeplearning4j.org/cpu for more details

2020-04-22 22:35:55,316 - [WARN] - from org.nd4j.linalg.cpu.nativecpu.CpuNDArrayFactory in main
                
Or set environment variable ND4J_IGNORE_AVX=true to suppress this warning

2020-04-22 22:35:55,316 - [WARN] - from org.nd4j.linalg.cpu.nativecpu.CpuNDArrayFactory in main
                
*************************************************************************************************

2020-04-22 22:35:55,345 - [INFO] - from org.nd4j.nativeblas.Nd4jBlas in main
                
Number of threads used for OpenMP BLAS: 4

2020-04-22 22:35:55,352 - [INFO] - from org.nd4j.linalg.api.ops.executioner.DefaultOpExecutioner in main
                
Backend used: [CPU]; OS: [Linux]

2020-04-22 22:35:55,352 - [INFO] - from org.nd4j.linalg.api.ops.executioner.DefaultOpExecutioner in main
                
Cores: [8]; Memory: [3.4GB];

2020-04-22 22:35:55,352 - [INFO] - from org.nd4j.linalg.api.ops.executioner.DefaultOpExecutioner in main
                
Blas vendor: [OPENBLAS]

2020-04-22 22:35:55,389 - [INFO] - from org.deeplearning4j.nn.multilayer.MultiLayerNetwork in main
                
Starting MultiLayerNetwork with WorkspaceModes set to [training: ENABLED; inference: ENABLED], cacheMode set to [NONE]

2020-04-22 22:35:55,643 - [INFO] - from org.deeplearning4j.optimize.listeners.ScoreIterationListener in main
                
Score at iteration 0 is 4.0141669147424

2020-04-22 22:35:55,846 - [INFO] - from org.deeplearning4j.optimize.listeners.ScoreIterationListener in main
                
Score at iteration 10 is 2.8293643877043544

2020-04-22 22:35:56,050 - [INFO] - from org.deeplearning4j.optimize.listeners.ScoreIterationListener in main
                
Score at iteration 20 is 2.001535419898111

2020-04-22 22:35:56,234 - [INFO] - from org.deeplearning4j.optimize.listeners.ScoreIterationListener in main
                
Score at iteration 30 is 1.9091422731647838

2020-04-22 22:35:56,405 - [INFO] - from org.deeplearning4j.optimize.listeners.ScoreIterationListener in main
                
Score at iteration 40 is 1.838567488903854

2020-04-22 22:35:56,590 - [INFO] - from org.deeplearning4j.optimize.listeners.ScoreIterationListener in main
                
Score at iteration 50 is 1.5982066647764037

2020-04-22 22:35:56,757 - [INFO] - from org.deeplearning4j.optimize.listeners.ScoreIterationListener in main
                
Score at iteration 60 is 1.7045349103969165

2020-04-22 22:35:56,917 - [INFO] - from org.deeplearning4j.optimize.listeners.ScoreIterationListener in main
                
Score at iteration 70 is 1.3482745123744886

2020-04-22 22:35:57,071 - [INFO] - from org.deeplearning4j.optimize.listeners.ScoreIterationListener in main
                
Score at iteration 80 is 1.473346810692709

2020-04-22 22:35:57,239 - [INFO] - from org.deeplearning4j.optimize.listeners.ScoreIterationListener in main
                
Score at iteration 90 is 1.407384609410431

2020-04-22 22:35:57,394 - [INFO] - from org.deeplearning4j.optimize.listeners.ScoreIterationListener in main
                
Score at iteration 100 is 1.2626243667630836

2020-04-22 22:35:57,546 - [INFO] - from org.deeplearning4j.optimize.listeners.ScoreIterationListener in main
                
Score at iteration 110 is 1.178113436309231

2020-04-22 22:35:57,702 - [INFO] - from org.deeplearning4j.optimize.listeners.ScoreIterationListener in main
                
Score at iteration 120 is 1.4847771107529013

2020-04-22 22:35:57,870 - [INFO] - from org.deeplearning4j.optimize.listeners.ScoreIterationListener in main
                
Score at iteration 130 is 1.1690751978172234

2020-04-22 22:35:58,028 - [INFO] - from org.deeplearning4j.optimize.listeners.ScoreIterationListener in main
                
Score at iteration 140 is 1.4783717603806188

2020-04-22 22:35:58,159 - [INFO] - from org.deeplearning4j.optimize.listeners.ScoreIterationListener in main
                
Score at iteration 150 is 1.2706914951493473

2020-04-22 22:35:58,312 - [INFO] - from org.deeplearning4j.optimize.listeners.ScoreIterationListener in main
                
Score at iteration 160 is 1.2883714347215227

2020-04-22 22:35:58,472 - [INFO] - from org.deeplearning4j.optimize.listeners.ScoreIterationListener in main
                
Score at iteration 170 is 1.3234876101663573

2020-04-22 22:35:58,635 - [INFO] - from org.deeplearning4j.optimize.listeners.ScoreIterationListener in main
                
Score at iteration 180 is 1.4497703725544935

2020-04-22 22:35:58,769 - [INFO] - from org.deeplearning4j.optimize.listeners.ScoreIterationListener in main
                
Score at iteration 190 is 1.0228680460685509

2020-04-22 22:35:58,918 - [INFO] - from org.deeplearning4j.optimize.listeners.ScoreIterationListener in main
                
Score at iteration 200 is 0.9626229223006948

2020-04-22 22:35:59,060 - [INFO] - from org.deeplearning4j.optimize.listeners.ScoreIterationListener in main
                
Score at iteration 210 is 0.8820132366461861

2020-04-22 22:35:59,204 - [INFO] - from org.deeplearning4j.optimize.listeners.ScoreIterationListener in main
                
Score at iteration 220 is 1.1400504799196418

2020-04-22 22:35:59,348 - [INFO] - from org.deeplearning4j.optimize.listeners.ScoreIterationListener in main
                
Score at iteration 230 is 0.9820436760978383

2020-04-22 22:35:59,506 - [INFO] - from org.deeplearning4j.optimize.listeners.ScoreIterationListener in main
                
Score at iteration 240 is 0.8647837696856168

2020-04-22 22:35:59,658 - [INFO] - from org.deeplearning4j.optimize.listeners.ScoreIterationListener in main
                
Score at iteration 250 is 1.016039486700464

2020-04-22 22:35:59,826 - [INFO] - from org.deeplearning4j.optimize.listeners.ScoreIterationListener in main
                
Score at iteration 260 is 1.0853383737598468

2020-04-22 22:35:59,984 - [INFO] - from org.deeplearning4j.optimize.listeners.ScoreIterationListener in main
                
Score at iteration 270 is 0.8791864528028109

2020-04-22 22:36:00,141 - [INFO] - from org.deeplearning4j.optimize.listeners.ScoreIterationListener in main
                
Score at iteration 280 is 0.9361777289002466

2020-04-22 22:36:00,283 - [INFO] - from org.deeplearning4j.optimize.listeners.ScoreIterationListener in main
                
Score at iteration 290 is 0.9056860355882036

2020-04-22 22:36:00,455 - [INFO] - from org.deeplearning4j.optimize.listeners.ScoreIterationListener in main
                
Score at iteration 300 is 0.9054136949561807

2020-04-22 22:36:00,589 - [INFO] - from org.deeplearning4j.optimize.listeners.ScoreIterationListener in main
                
Score at iteration 310 is 1.2300362989105558

2020-04-22 22:36:00,748 - [INFO] - from org.deeplearning4j.optimize.listeners.ScoreIterationListener in main
                
Score at iteration 320 is 1.0326391470487906

2020-04-22 22:36:00,883 - [INFO] - from org.deeplearning4j.optimize.listeners.ScoreIterationListener in main
                
Score at iteration 330 is 0.8918805795546485

2020-04-22 22:36:01,025 - [INFO] - from org.deeplearning4j.optimize.listeners.ScoreIterationListener in main
                
Score at iteration 340 is 1.0262713721290029

2020-04-22 22:36:01,172 - [INFO] - from org.deeplearning4j.optimize.listeners.ScoreIterationListener in main
                
Score at iteration 350 is 0.8521747221906409

2020-04-22 22:36:01,331 - [INFO] - from org.deeplearning4j.optimize.listeners.ScoreIterationListener in main
                
Score at iteration 360 is 0.8163800550292686

2020-04-22 22:36:01,477 - [INFO] - from org.deeplearning4j.optimize.listeners.ScoreIterationListener in main
                
Score at iteration 370 is 0.8204844621512614

2020-04-22 22:36:01,627 - [INFO] - from org.deeplearning4j.optimize.listeners.ScoreIterationListener in main
                
Score at iteration 380 is 0.8463497456832622

2020-04-22 22:36:01,782 - [INFO] - from org.deeplearning4j.optimize.listeners.ScoreIterationListener in main
                
Score at iteration 390 is 0.8378680605683636

2020-04-22 22:36:01,924 - [INFO] - from org.deeplearning4j.optimize.listeners.ScoreIterationListener in main
                
Score at iteration 400 is 0.9027697049131188

2020-04-22 22:36:02,064 - [INFO] - from org.deeplearning4j.optimize.listeners.ScoreIterationListener in main
                
Score at iteration 410 is 0.9354607033754765

2020-04-22 22:36:02,209 - [INFO] - from org.deeplearning4j.optimize.listeners.ScoreIterationListener in main
                
Score at iteration 420 is 0.8604183768215892

2020-04-22 22:36:02,345 - [INFO] - from org.deeplearning4j.optimize.listeners.ScoreIterationListener in main
                
Score at iteration 430 is 0.8948884199130227

2020-04-22 22:36:02,490 - [INFO] - from org.deeplearning4j.optimize.listeners.ScoreIterationListener in main
                
Score at iteration 440 is 0.8975718792602947

2020-04-22 22:36:02,654 - [INFO] - from org.deeplearning4j.optimize.listeners.ScoreIterationListener in main
                
Score at iteration 450 is 0.980268040661778

2020-04-22 22:36:02,813 - [INFO] - from org.deeplearning4j.optimize.listeners.ScoreIterationListener in main
                
Score at iteration 460 is 0.7861769792264802

2020-04-22 22:36:02,965 - [INFO] - from org.deeplearning4j.optimize.listeners.ScoreIterationListener in main
                
Score at iteration 470 is 0.8498586322134385

2020-04-22 22:36:03,139 - [INFO] - from org.deeplearning4j.optimize.listeners.ScoreIterationListener in main
                
Score at iteration 480 is 0.7512143117325492

2020-04-22 22:36:03,305 - [INFO] - from org.deeplearning4j.optimize.listeners.ScoreIterationListener in main
                
Score at iteration 490 is 0.8586073043572922

2020-04-22 22:36:03,441 - [INFO] - from org.deeplearning4j.optimize.listeners.ScoreIterationListener in main
                
Score at iteration 500 is 0.8493261024135138

2020-04-22 22:36:03,582 - [INFO] - from org.deeplearning4j.optimize.listeners.ScoreIterationListener in main
                
Score at iteration 510 is 0.8909397918321093

2020-04-22 22:36:03,746 - [INFO] - from org.deeplearning4j.optimize.listeners.ScoreIterationListener in main
                
Score at iteration 520 is 0.8455623297736123

2020-04-22 22:36:03,901 - [INFO] - from org.deeplearning4j.optimize.listeners.ScoreIterationListener in main
                
Score at iteration 530 is 0.8636249009061924

2020-04-22 22:36:04,089 - [INFO] - from org.deeplearning4j.optimize.listeners.ScoreIterationListener in main
                
Score at iteration 540 is 0.72730071983655

2020-04-22 22:36:04,245 - [INFO] - from org.deeplearning4j.optimize.listeners.ScoreIterationListener in main
                
Score at iteration 550 is 0.7882642972913356

2020-04-22 22:36:04,395 - [INFO] - from org.deeplearning4j.optimize.listeners.ScoreIterationListener in main
                
Score at iteration 560 is 0.8242933321674809

2020-04-22 22:36:04,556 - [INFO] - from org.deeplearning4j.optimize.listeners.ScoreIterationListener in main
                
Score at iteration 570 is 0.7225268125189364

2020-04-22 22:36:04,707 - [INFO] - from org.deeplearning4j.optimize.listeners.ScoreIterationListener in main
                
Score at iteration 580 is 0.7197536868978713

2020-04-22 22:36:04,854 - [INFO] - from org.deeplearning4j.optimize.listeners.ScoreIterationListener in main
                
Score at iteration 590 is 0.9381348834320204

2020-04-22 22:36:05,014 - [INFO] - from org.deeplearning4j.optimize.listeners.ScoreIterationListener in main
                
Score at iteration 600 is 0.580745210584064

2020-04-22 22:36:05,149 - [INFO] - from org.deeplearning4j.optimize.listeners.ScoreIterationListener in main
                
Score at iteration 610 is 0.7944045381954937

2020-04-22 22:36:05,297 - [INFO] - from org.deeplearning4j.optimize.listeners.ScoreIterationListener in main
                
Score at iteration 620 is 0.7481396943159374

2020-04-22 22:36:05,436 - [INFO] - from org.deeplearning4j.optimize.listeners.ScoreIterationListener in main
                
Score at iteration 630 is 0.8142088425300353

2020-04-22 22:36:05,596 - [INFO] - from org.deeplearning4j.optimize.listeners.ScoreIterationListener in main
                
Score at iteration 640 is 0.5241661137956272

2020-04-22 22:36:05,762 - [INFO] - from org.deeplearning4j.optimize.listeners.ScoreIterationListener in main
                
Score at iteration 650 is 0.9954684726387488

2020-04-22 22:36:05,923 - [INFO] - from org.deeplearning4j.optimize.listeners.ScoreIterationListener in main
                
Score at iteration 660 is 0.6352718934751542

2020-04-22 22:36:06,082 - [INFO] - from org.deeplearning4j.optimize.listeners.ScoreIterationListener in main
                
Score at iteration 670 is 0.7745016332330561

2020-04-22 22:36:06,251 - [INFO] - from org.deeplearning4j.optimize.listeners.ScoreIterationListener in main
                
Score at iteration 680 is 0.9093662331186361

2020-04-22 22:36:06,447 - [INFO] - from org.deeplearning4j.optimize.listeners.ScoreIterationListener in main
                
Score at iteration 690 is 0.7845198166478852

2020-04-22 22:36:06,594 - [INFO] - from org.deeplearning4j.optimize.listeners.ScoreIterationListener in main
                
Score at iteration 700 is 0.6916464323913133

2020-04-22 22:36:06,743 - [INFO] - from org.deeplearning4j.optimize.listeners.ScoreIterationListener in main
                
Score at iteration 710 is 0.7454806514993642

2020-04-22 22:36:06,881 - [INFO] - from org.deeplearning4j.optimize.listeners.ScoreIterationListener in main
                
Score at iteration 720 is 0.7911091939611652

2020-04-22 22:36:07,028 - [INFO] - from org.deeplearning4j.optimize.listeners.ScoreIterationListener in main
                
Score at iteration 730 is 0.8083161246615893

2020-04-22 22:36:07,205 - [INFO] - from org.deeplearning4j.optimize.listeners.ScoreIterationListener in main
                
Score at iteration 740 is 0.7851218404005472

2020-04-22 22:36:07,352 - [INFO] - from org.deeplearning4j.optimize.listeners.ScoreIterationListener in main
                
Score at iteration 750 is 0.787097173628657

2020-04-22 22:36:07,509 - [INFO] - from org.deeplearning4j.optimize.listeners.ScoreIterationListener in main
                
Score at iteration 760 is 0.7338253874793161

2020-04-22 22:36:07,658 - [INFO] - from org.deeplearning4j.optimize.listeners.ScoreIterationListener in main
                
Score at iteration 770 is 0.7044009140365012

2020-04-22 22:36:07,807 - [INFO] - from org.deeplearning4j.optimize.listeners.ScoreIterationListener in main
                
Score at iteration 780 is 0.7185500769199655

2020-04-22 22:36:07,945 - [INFO] - from org.deeplearning4j.optimize.listeners.ScoreIterationListener in main
                
Score at iteration 790 is 0.6755089874189096

2020-04-22 22:36:08,090 - [INFO] - from org.deeplearning4j.optimize.listeners.ScoreIterationListener in main
                
Score at iteration 800 is 0.7852006201388904

2020-04-22 22:36:08,248 - [INFO] - from org.deeplearning4j.optimize.listeners.ScoreIterationListener in main
                
Score at iteration 810 is 0.6062909935546168

2020-04-22 22:36:08,417 - [INFO] - from org.deeplearning4j.optimize.listeners.ScoreIterationListener in main
                
Score at iteration 820 is 0.6174344002573505

2020-04-22 22:36:08,565 - [INFO] - from org.deeplearning4j.optimize.listeners.ScoreIterationListener in main
                
Score at iteration 830 is 0.5293563491429859

2020-04-22 22:36:08,730 - [INFO] - from org.deeplearning4j.optimize.listeners.ScoreIterationListener in main
                
Score at iteration 840 is 0.6904175307232945

2020-04-22 22:36:08,877 - [INFO] - from org.deeplearning4j.optimize.listeners.ScoreIterationListener in main
                
Score at iteration 850 is 0.6118033581606005

2020-04-22 22:36:09,042 - [INFO] - from org.deeplearning4j.optimize.listeners.ScoreIterationListener in main
                
Score at iteration 860 is 0.7039256924800226

2020-04-22 22:36:09,189 - [INFO] - from org.deeplearning4j.optimize.listeners.ScoreIterationListener in main
                
Score at iteration 870 is 0.6779024417549041

2020-04-22 22:36:09,362 - [INFO] - from org.deeplearning4j.optimize.listeners.ScoreIterationListener in main
                
Score at iteration 880 is 0.6553158285611357

2020-04-22 22:36:09,562 - [INFO] - from org.deeplearning4j.optimize.listeners.ScoreIterationListener in main
                
Score at iteration 890 is 0.5540418555851601

2020-04-22 22:36:09,757 - [INFO] - from org.deeplearning4j.optimize.listeners.ScoreIterationListener in main
                
Score at iteration 900 is 0.6169219133802388

2020-04-22 22:36:09,918 - [INFO] - from org.deeplearning4j.optimize.listeners.ScoreIterationListener in main
                
Score at iteration 910 is 0.6973258555390934

2020-04-22 22:36:10,076 - [INFO] - from org.deeplearning4j.optimize.listeners.ScoreIterationListener in main
                
Score at iteration 920 is 0.6531845730969486

2020-04-22 22:36:10,225 - [INFO] - from org.deeplearning4j.optimize.listeners.ScoreIterationListener in main
                
Score at iteration 930 is 0.6444373685847855

2020-04-22 22:36:10,390 - [INFO] - from org.deeplearning4j.optimize.listeners.ScoreIterationListener in main
                
Score at iteration 940 is 0.6038322157642896

2020-04-22 22:36:10,544 - [INFO] - from org.deeplearning4j.optimize.listeners.ScoreIterationListener in main
                
Score at iteration 950 is 0.7274857482659

2020-04-22 22:36:10,699 - [INFO] - from org.deeplearning4j.optimize.listeners.ScoreIterationListener in main
                
Score at iteration 960 is 0.6455005358464063

2020-04-22 22:36:10,848 - [INFO] - from org.deeplearning4j.optimize.listeners.ScoreIterationListener in main
                
Score at iteration 970 is 0.5861195858865308

2020-04-22 22:36:10,996 - [INFO] - from org.deeplearning4j.optimize.listeners.ScoreIterationListener in main
                
Score at iteration 980 is 0.7092695214373279

2020-04-22 22:36:11,136 - [INFO] - from org.deeplearning4j.optimize.listeners.ScoreIterationListener in main
                
Score at iteration 990 is 0.45944873574581363

2020-04-22 22:36:11,288 - [INFO] - from org.deeplearning4j.optimize.listeners.ScoreIterationListener in main
                
Score at iteration 1000 is 0.7918608580398208

2020-04-22 22:36:11,434 - [INFO] - from org.deeplearning4j.optimize.listeners.ScoreIterationListener in main
                
Score at iteration 1010 is 0.7239498437007129

2020-04-22 22:36:11,584 - [INFO] - from org.deeplearning4j.optimize.listeners.ScoreIterationListener in main
                
Score at iteration 1020 is 0.6990151689162769

2020-04-22 22:36:11,742 - [INFO] - from org.deeplearning4j.optimize.listeners.ScoreIterationListener in main
                
Score at iteration 1030 is 0.6652603855316056

2020-04-22 22:36:11,884 - [INFO] - from org.deeplearning4j.optimize.listeners.ScoreIterationListener in main
                
Score at iteration 1040 is 0.8384688883579714

2020-04-22 22:36:12,056 - [INFO] - from org.deeplearning4j.optimize.listeners.ScoreIterationListener in main
                
Score at iteration 1050 is 0.556890191186619

2020-04-22 22:36:12,208 - [INFO] - from org.deeplearning4j.optimize.listeners.ScoreIterationListener in main
                
Score at iteration 1060 is 0.618406001543403

2020-04-22 22:36:12,358 - [INFO] - from org.deeplearning4j.optimize.listeners.ScoreIterationListener in main
                
Score at iteration 1070 is 0.5846584354445317

2020-04-22 22:36:12,506 - [INFO] - from org.deeplearning4j.optimize.listeners.ScoreIterationListener in main
                
Score at iteration 1080 is 0.7169997610118743

2020-04-22 22:36:12,649 - [INFO] - from org.deeplearning4j.optimize.listeners.ScoreIterationListener in main
                
Score at iteration 1090 is 0.6397907222830258

2020-04-22 22:36:12,789 - [INFO] - from org.deeplearning4j.optimize.listeners.ScoreIterationListener in main
                
Score at iteration 1100 is 0.3942118455377215

2020-04-22 22:36:12,920 - [INFO] - from org.deeplearning4j.optimize.listeners.ScoreIterationListener in main
                
Score at iteration 1110 is 0.6317580009349979

2020-04-22 22:36:13,059 - [INFO] - from org.deeplearning4j.optimize.listeners.ScoreIterationListener in main
                
Score at iteration 1120 is 0.5838206390592484

2020-04-22 22:36:13,192 - [INFO] - from org.deeplearning4j.optimize.listeners.ScoreIterationListener in main
                
Score at iteration 1130 is 0.6746383647397272

2020-04-22 22:36:13,342 - [INFO] - from org.deeplearning4j.optimize.listeners.ScoreIterationListener in main
                
Score at iteration 1140 is 0.5065541970786279

2020-04-22 22:36:13,481 - [INFO] - from org.deeplearning4j.optimize.listeners.ScoreIterationListener in main
                
Score at iteration 1150 is 0.7338218312582845

2020-04-22 22:36:13,615 - [INFO] - from org.deeplearning4j.optimize.listeners.ScoreIterationListener in main
                
Score at iteration 1160 is 0.5254696211730386

2020-04-22 22:36:13,760 - [INFO] - from org.deeplearning4j.optimize.listeners.ScoreIterationListener in main
                
Score at iteration 1170 is 0.5602085634135847

2020-04-22 22:36:13,911 - [INFO] - from org.deeplearning4j.optimize.listeners.ScoreIterationListener in main
                
Score at iteration 1180 is 0.6108539006034962

2020-04-22 22:36:14,056 - [INFO] - from org.deeplearning4j.optimize.listeners.ScoreIterationListener in main
                
Score at iteration 1190 is 0.6749546477341851

2020-04-22 22:36:14,199 - [INFO] - from org.deeplearning4j.optimize.listeners.ScoreIterationListener in main
                
Score at iteration 1200 is 0.6750721075750171

2020-04-22 22:36:14,334 - [INFO] - from org.deeplearning4j.optimize.listeners.ScoreIterationListener in main
                
Score at iteration 1210 is 0.5740957760458977

2020-04-22 22:36:14,509 - [INFO] - from org.deeplearning4j.optimize.listeners.ScoreIterationListener in main
                
Score at iteration 1220 is 0.5088011438525064

2020-04-22 22:36:14,670 - [INFO] - from org.deeplearning4j.optimize.listeners.ScoreIterationListener in main
                
Score at iteration 1230 is 0.6630494066223642

2020-04-22 22:36:14,821 - [INFO] - from org.deeplearning4j.optimize.listeners.ScoreIterationListener in main
                
Score at iteration 1240 is 0.569525066941085

2020-04-22 22:36:14,970 - [INFO] - from org.deeplearning4j.optimize.listeners.ScoreIterationListener in main
                
Score at iteration 1250 is 0.7699606634706078

2020-04-22 22:36:15,120 - [INFO] - from org.deeplearning4j.optimize.listeners.ScoreIterationListener in main
                
Score at iteration 1260 is 0.6646882987797217

2020-04-22 22:36:15,272 - [INFO] - from org.deeplearning4j.optimize.listeners.ScoreIterationListener in main
                
Score at iteration 1270 is 0.5231078325028334

2020-04-22 22:36:15,438 - [INFO] - from org.deeplearning4j.optimize.listeners.ScoreIterationListener in main
                
Score at iteration 1280 is 0.5301829299058541

2020-04-22 22:36:15,588 - [INFO] - from org.deeplearning4j.optimize.listeners.ScoreIterationListener in main
                
Score at iteration 1290 is 0.7473097771209878

2020-04-22 22:36:15,764 - [INFO] - from org.deeplearning4j.optimize.listeners.ScoreIterationListener in main
                
Score at iteration 1300 is 0.6375805942041014

2020-04-22 22:36:15,910 - [INFO] - from org.deeplearning4j.optimize.listeners.ScoreIterationListener in main
                
Score at iteration 1310 is 0.6593943012192504

2020-04-22 22:36:16,060 - [INFO] - from org.deeplearning4j.optimize.listeners.ScoreIterationListener in main
                
Score at iteration 1320 is 0.6707019104693507

2020-04-22 22:36:16,222 - [INFO] - from org.deeplearning4j.optimize.listeners.ScoreIterationListener in main
                
Score at iteration 1330 is 0.702863531532862

2020-04-22 22:36:16,391 - [INFO] - from org.deeplearning4j.optimize.listeners.ScoreIterationListener in main
                
Score at iteration 1340 is 0.5987570788582578

2020-04-22 22:36:16,606 - [INFO] - from org.deeplearning4j.optimize.listeners.ScoreIterationListener in main
                
Score at iteration 1350 is 0.6118395660672082

2020-04-22 22:36:16,758 - [INFO] - from org.deeplearning4j.optimize.listeners.ScoreIterationListener in main
                
Score at iteration 1360 is 0.6246870698315689

2020-04-22 22:36:16,920 - [INFO] - from org.deeplearning4j.optimize.listeners.ScoreIterationListener in main
                
Score at iteration 1370 is 0.5997346776626351

2020-04-22 22:36:17,096 - [INFO] - from org.deeplearning4j.optimize.listeners.ScoreIterationListener in main
                
Score at iteration 1380 is 0.6850768626223391

2020-04-22 22:36:17,256 - [INFO] - from org.deeplearning4j.optimize.listeners.ScoreIterationListener in main
                
Score at iteration 1390 is 0.45418540758637316

2020-04-22 22:36:17,420 - [INFO] - from org.deeplearning4j.optimize.listeners.ScoreIterationListener in main
                
Score at iteration 1400 is 0.5793509846507805

2020-04-22 22:36:17,580 - [INFO] - from org.deeplearning4j.optimize.listeners.ScoreIterationListener in main
                
Score at iteration 1410 is 0.7236982865604877

2020-04-22 22:36:17,771 - [INFO] - from org.deeplearning4j.optimize.listeners.ScoreIterationListener in main
                
Score at iteration 1420 is 0.606854390305678

2020-04-22 22:36:18,009 - [INFO] - from org.deeplearning4j.optimize.listeners.ScoreIterationListener in main
                
Score at iteration 1430 is 0.8126093920730733

2020-04-22 22:36:18,234 - [INFO] - from org.deeplearning4j.optimize.listeners.ScoreIterationListener in main
                
Score at iteration 1440 is 0.4818624163860675

2020-04-22 22:36:18,490 - [INFO] - from org.deeplearning4j.optimize.listeners.ScoreIterationListener in main
                
Score at iteration 1450 is 0.764311714188473

2020-04-22 22:36:18,773 - [INFO] - from org.deeplearning4j.optimize.listeners.ScoreIterationListener in main
                
Score at iteration 1460 is 0.6482229053329939

2020-04-22 22:36:18,979 - [INFO] - from org.deeplearning4j.optimize.listeners.ScoreIterationListener in main
                
Score at iteration 1470 is 0.6978640256161401

2020-04-22 22:36:19,204 - [INFO] - from org.deeplearning4j.optimize.listeners.ScoreIterationListener in main
                
Score at iteration 1480 is 0.4657385364217873

2020-04-22 22:36:19,515 - [INFO] - from org.deeplearning4j.optimize.listeners.ScoreIterationListener in main
                
Score at iteration 1490 is 0.4618562128031175

2020-04-22 22:36:19,773 - [INFO] - from org.deeplearning4j.optimize.listeners.ScoreIterationListener in main
                
Score at iteration 1500 is 0.5358709504047628

2020-04-22 22:36:20,093 - [INFO] - from org.deeplearning4j.optimize.listeners.ScoreIterationListener in main
                
Score at iteration 1510 is 0.7028743322616974

2020-04-22 22:36:20,394 - [INFO] - from org.deeplearning4j.optimize.listeners.ScoreIterationListener in main
                
Score at iteration 1520 is 0.5530339864858091

2020-04-22 22:36:20,689 - [INFO] - from org.deeplearning4j.optimize.listeners.ScoreIterationListener in main
                
Score at iteration 1530 is 0.42960455990353674

2020-04-22 22:36:21,002 - [INFO] - from org.deeplearning4j.optimize.listeners.ScoreIterationListener in main
                
Score at iteration 1540 is 0.6204249390482657

2020-04-22 22:36:21,326 - [INFO] - from org.deeplearning4j.optimize.listeners.ScoreIterationListener in main
                
Score at iteration 1550 is 0.5772228188368108

2020-04-22 22:36:21,692 - [INFO] - from org.deeplearning4j.optimize.listeners.ScoreIterationListener in main
                
Score at iteration 1560 is 0.47156717870732556

2020-04-22 22:36:22,105 - [INFO] - from org.deeplearning4j.optimize.listeners.ScoreIterationListener in main
                
Score at iteration 1570 is 0.6772371386033609

2020-04-22 22:36:22,549 - [INFO] - from org.deeplearning4j.optimize.listeners.ScoreIterationListener in main
                
Score at iteration 1580 is 0.4010301531696374

2020-04-22 22:36:22,936 - [INFO] - from org.deeplearning4j.optimize.listeners.ScoreIterationListener in main
                
Score at iteration 1590 is 0.6102380012128148

2020-04-22 22:36:23,440 - [INFO] - from org.deeplearning4j.optimize.listeners.ScoreIterationListener in main
                
Score at iteration 1600 is 0.6218225933778158

2020-04-22 22:36:23,840 - [INFO] - from org.deeplearning4j.optimize.listeners.ScoreIterationListener in main
                
Score at iteration 1610 is 0.7144297094737196

2020-04-22 22:36:24,262 - [INFO] - from org.deeplearning4j.optimize.listeners.ScoreIterationListener in main
                
Score at iteration 1620 is 0.6977948888602441

2020-04-22 22:36:24,655 - [INFO] - from org.deeplearning4j.optimize.listeners.ScoreIterationListener in main
                
Score at iteration 1630 is 0.8079894482755381

2020-04-22 22:36:25,058 - [INFO] - from org.deeplearning4j.optimize.listeners.ScoreIterationListener in main
                
Score at iteration 1640 is 0.5153543296853104

2020-04-22 22:36:25,450 - [INFO] - from org.deeplearning4j.optimize.listeners.ScoreIterationListener in main
                
Score at iteration 1650 is 0.6076822188074941

2020-04-22 22:36:25,829 - [INFO] - from org.deeplearning4j.optimize.listeners.ScoreIterationListener in main
                
Score at iteration 1660 is 0.5319121016474595

2020-04-22 22:36:26,221 - [INFO] - from org.deeplearning4j.optimize.listeners.ScoreIterationListener in main
                
Score at iteration 1670 is 0.6623260521747188

2020-04-22 22:36:26,651 - [INFO] - from org.deeplearning4j.optimize.listeners.ScoreIterationListener in main
                
Score at iteration 1680 is 0.5069490595025367

2020-04-22 22:36:27,056 - [INFO] - from org.deeplearning4j.optimize.listeners.ScoreIterationListener in main
                
Score at iteration 1690 is 0.583980033366599

2020-04-22 22:36:27,439 - [INFO] - from org.deeplearning4j.optimize.listeners.ScoreIterationListener in main
                
Score at iteration 1700 is 0.6766221266551075

2020-04-22 22:36:27,816 - [INFO] - from org.deeplearning4j.optimize.listeners.ScoreIterationListener in main
                
Score at iteration 1710 is 0.6396019821877753

2020-04-22 22:36:28,206 - [INFO] - from org.deeplearning4j.optimize.listeners.ScoreIterationListener in main
                
Score at iteration 1720 is 0.548077231845996

2020-04-22 22:36:28,614 - [INFO] - from org.deeplearning4j.optimize.listeners.ScoreIterationListener in main
                
Score at iteration 1730 is 0.4953874821457146

2020-04-22 22:36:28,999 - [INFO] - from org.deeplearning4j.optimize.listeners.ScoreIterationListener in main
                
Score at iteration 1740 is 0.7165215958718351

2020-04-22 22:36:29,382 - [INFO] - from org.deeplearning4j.optimize.listeners.ScoreIterationListener in main
                
Score at iteration 1750 is 0.5308972254571092

2020-04-22 22:36:29,765 - [INFO] - from org.deeplearning4j.optimize.listeners.ScoreIterationListener in main
                
Score at iteration 1760 is 0.5526135851249172

2020-04-22 22:37:07,630 - [INFO] - from org.nd4j.linalg.factory.Nd4jBackend in main
                
Loaded [CpuBackend] backend

2020-04-22 22:37:08,235 - [INFO] - from org.nd4j.nativeblas.NativeOpsHolder in main
                
Number of threads used for linear algebra: 4

2020-04-22 22:37:08,237 - [WARN] - from org.nd4j.linalg.cpu.nativecpu.CpuNDArrayFactory in main
                
*********************************** CPU Feature Check Warning ***********************************

2020-04-22 22:37:08,237 - [WARN] - from org.nd4j.linalg.cpu.nativecpu.CpuNDArrayFactory in main
                
Warning: Initializing ND4J with Generic x86 binary on a CPU with AVX/AVX2 support

2020-04-22 22:37:08,237 - [WARN] - from org.nd4j.linalg.cpu.nativecpu.CpuNDArrayFactory in main
                
Using ND4J with AVX/AVX2 will improve performance. See deeplearning4j.org/cpu for more details

2020-04-22 22:37:08,237 - [WARN] - from org.nd4j.linalg.cpu.nativecpu.CpuNDArrayFactory in main
                
Or set environment variable ND4J_IGNORE_AVX=true to suppress this warning

2020-04-22 22:37:08,237 - [WARN] - from org.nd4j.linalg.cpu.nativecpu.CpuNDArrayFactory in main
                
*************************************************************************************************

2020-04-22 22:37:08,268 - [INFO] - from org.nd4j.nativeblas.Nd4jBlas in main
                
Number of threads used for OpenMP BLAS: 4

2020-04-22 22:37:08,274 - [INFO] - from org.nd4j.linalg.api.ops.executioner.DefaultOpExecutioner in main
                
Backend used: [CPU]; OS: [Linux]

2020-04-22 22:37:08,275 - [INFO] - from org.nd4j.linalg.api.ops.executioner.DefaultOpExecutioner in main
                
Cores: [8]; Memory: [3.4GB];

2020-04-22 22:37:08,275 - [INFO] - from org.nd4j.linalg.api.ops.executioner.DefaultOpExecutioner in main
                
Blas vendor: [OPENBLAS]

2020-04-22 22:37:08,310 - [INFO] - from org.deeplearning4j.nn.multilayer.MultiLayerNetwork in main
                
Starting MultiLayerNetwork with WorkspaceModes set to [training: ENABLED; inference: ENABLED], cacheMode set to [NONE]

2020-04-22 22:37:08,565 - [INFO] - from org.deeplearning4j.optimize.listeners.ScoreIterationListener in main
                
Score at iteration 0 is 3.961186014931609

2020-04-22 22:37:10,320 - [INFO] - from org.deeplearning4j.optimize.listeners.ScoreIterationListener in main
                
Score at iteration 100 is 1.3491638891559925

2020-04-22 22:37:11,861 - [INFO] - from org.deeplearning4j.optimize.listeners.ScoreIterationListener in main
                
Score at iteration 200 is 1.1090055339556188

2020-04-22 22:37:13,386 - [INFO] - from org.deeplearning4j.optimize.listeners.ScoreIterationListener in main
                
Score at iteration 300 is 1.1041990422603092

2020-04-22 22:37:14,916 - [INFO] - from org.deeplearning4j.optimize.listeners.ScoreIterationListener in main
                
Score at iteration 400 is 0.8333734456409425

2020-04-22 22:37:16,476 - [INFO] - from org.deeplearning4j.optimize.listeners.ScoreIterationListener in main
                
Score at iteration 500 is 0.6192301881384928

2020-04-22 22:37:18,140 - [INFO] - from org.deeplearning4j.optimize.listeners.ScoreIterationListener in main
                
Score at iteration 600 is 0.8009572663818574

2020-04-22 22:37:19,881 - [INFO] - from org.deeplearning4j.optimize.listeners.ScoreIterationListener in main
                
Score at iteration 700 is 0.7082950361013682

2020-04-22 22:37:21,676 - [INFO] - from org.deeplearning4j.optimize.listeners.ScoreIterationListener in main
                
Score at iteration 800 is 0.5702555387067108

2020-04-22 22:37:23,379 - [INFO] - from org.deeplearning4j.optimize.listeners.ScoreIterationListener in main
                
Score at iteration 900 is 0.7186685472883546

2020-04-22 22:37:25,046 - [INFO] - from org.deeplearning4j.optimize.listeners.ScoreIterationListener in main
                
Score at iteration 1000 is 0.5968421514627833

2020-04-22 22:37:26,664 - [INFO] - from org.deeplearning4j.optimize.listeners.ScoreIterationListener in main
                
Score at iteration 1100 is 0.8948626718557318

2020-04-22 22:37:28,326 - [INFO] - from org.deeplearning4j.optimize.listeners.ScoreIterationListener in main
                
Score at iteration 1200 is 0.8823152917348925

2020-04-22 22:37:30,003 - [INFO] - from org.deeplearning4j.optimize.listeners.ScoreIterationListener in main
                
Score at iteration 1300 is 0.6032092056927889

2020-04-22 22:37:31,857 - [INFO] - from org.deeplearning4j.optimize.listeners.ScoreIterationListener in main
                
Score at iteration 1400 is 0.5542546284596676

2020-04-22 22:37:33,821 - [INFO] - from org.deeplearning4j.optimize.listeners.ScoreIterationListener in main
                
Score at iteration 1500 is 0.6428351633992526

2020-04-22 22:37:36,688 - [INFO] - from org.deeplearning4j.optimize.listeners.ScoreIterationListener in main
                
Score at iteration 1600 is 0.6352904935505358

2020-04-22 22:37:40,484 - [INFO] - from org.deeplearning4j.optimize.listeners.ScoreIterationListener in main
                
Score at iteration 1700 is 0.5286906433453851

2020-04-22 22:37:44,322 - [INFO] - from org.deeplearning4j.optimize.listeners.ScoreIterationListener in main
                
Score at iteration 1800 is 0.610731326592689

2020-04-22 22:37:48,238 - [INFO] - from org.deeplearning4j.optimize.listeners.ScoreIterationListener in main
                
Score at iteration 1900 is 0.5368170445303388

2020-04-22 22:37:52,117 - [INFO] - from org.deeplearning4j.optimize.listeners.ScoreIterationListener in main
                
Score at iteration 2000 is 0.6610406372861116

2020-04-22 22:37:55,913 - [INFO] - from org.deeplearning4j.optimize.listeners.ScoreIterationListener in main
                
Score at iteration 2100 is 0.46942930591574206

2020-04-22 22:37:59,700 - [INFO] - from org.deeplearning4j.optimize.listeners.ScoreIterationListener in main
                
Score at iteration 2200 is 0.6166822016310858

2020-04-22 22:38:03,466 - [INFO] - from org.deeplearning4j.optimize.listeners.ScoreIterationListener in main
                
Score at iteration 2300 is 0.522288200942905

2020-04-22 22:38:07,270 - [INFO] - from org.deeplearning4j.optimize.listeners.ScoreIterationListener in main
                
Score at iteration 2400 is 0.6605747346702274

2020-04-22 22:38:11,084 - [INFO] - from org.deeplearning4j.optimize.listeners.ScoreIterationListener in main
                
Score at iteration 2500 is 0.42381634648450495

2020-04-22 22:38:14,806 - [INFO] - from org.deeplearning4j.optimize.listeners.ScoreIterationListener in main
                
Score at iteration 2600 is 0.621058228078649

2020-04-22 22:38:18,482 - [INFO] - from org.deeplearning4j.optimize.listeners.ScoreIterationListener in main
                
Score at iteration 2700 is 0.4727260200549281

2020-04-22 22:38:22,200 - [INFO] - from org.deeplearning4j.optimize.listeners.ScoreIterationListener in main
                
Score at iteration 2800 is 0.5813117913606389

2020-04-22 22:38:25,899 - [INFO] - from org.deeplearning4j.optimize.listeners.ScoreIterationListener in main
                
Score at iteration 2900 is 0.5223731560603665

2020-04-22 22:38:29,617 - [INFO] - from org.deeplearning4j.optimize.listeners.ScoreIterationListener in main
                
Score at iteration 3000 is 0.48607086159746343

2020-04-22 22:38:33,449 - [INFO] - from org.deeplearning4j.optimize.listeners.ScoreIterationListener in main
                
Score at iteration 3100 is 0.5980302363807155

2020-04-22 22:38:37,140 - [INFO] - from org.deeplearning4j.optimize.listeners.ScoreIterationListener in main
                
Score at iteration 3200 is 0.5906547832744155

2020-04-22 22:38:40,822 - [INFO] - from org.deeplearning4j.optimize.listeners.ScoreIterationListener in main
                
Score at iteration 3300 is 0.49423969540750134

2020-04-22 22:38:44,512 - [INFO] - from org.deeplearning4j.optimize.listeners.ScoreIterationListener in main
                
Score at iteration 3400 is 0.4864179489754621

2020-04-22 22:38:48,160 - [INFO] - from org.deeplearning4j.optimize.listeners.ScoreIterationListener in main
                
Score at iteration 3500 is 0.5016666926056358

2020-04-22 22:38:51,866 - [INFO] - from org.deeplearning4j.optimize.listeners.ScoreIterationListener in main
                
Score at iteration 3600 is 0.5183969172285302

2020-04-22 22:38:55,674 - [INFO] - from org.deeplearning4j.optimize.listeners.ScoreIterationListener in main
                
Score at iteration 3700 is 0.3750537679958871

2020-04-22 22:38:59,459 - [INFO] - from org.deeplearning4j.optimize.listeners.ScoreIterationListener in main
                
Score at iteration 3800 is 0.4369399005565372

2020-04-22 22:39:03,177 - [INFO] - from org.deeplearning4j.optimize.listeners.ScoreIterationListener in main
                
Score at iteration 3900 is 0.44108257456660593

2020-04-22 22:39:06,902 - [INFO] - from org.deeplearning4j.optimize.listeners.ScoreIterationListener in main
                
Score at iteration 4000 is 0.4269140057314764

2020-04-22 22:39:10,578 - [INFO] - from org.deeplearning4j.optimize.listeners.ScoreIterationListener in main
                
Score at iteration 4100 is 0.5194273265088305

2020-04-22 22:39:14,279 - [INFO] - from org.deeplearning4j.optimize.listeners.ScoreIterationListener in main
                
Score at iteration 4200 is 0.5687666346942367

2020-04-22 22:39:18,019 - [INFO] - from org.deeplearning4j.optimize.listeners.ScoreIterationListener in main
                
Score at iteration 4300 is 0.5086618629109924

2020-04-22 22:39:21,717 - [INFO] - from org.deeplearning4j.optimize.listeners.ScoreIterationListener in main
                
Score at iteration 4400 is 0.5294763763259567

2020-04-22 22:39:25,465 - [INFO] - from org.deeplearning4j.optimize.listeners.ScoreIterationListener in main
                
Score at iteration 4500 is 0.41788138307565825

2020-04-22 22:39:29,267 - [INFO] - from org.deeplearning4j.optimize.listeners.ScoreIterationListener in main
                
Score at iteration 4600 is 0.5870336297297457

2020-04-22 22:39:33,012 - [INFO] - from org.deeplearning4j.optimize.listeners.ScoreIterationListener in main
                
Score at iteration 4700 is 0.454725891582264

2020-04-22 22:39:37,139 - [INFO] - from org.deeplearning4j.optimize.listeners.ScoreIterationListener in main
                
Score at iteration 4800 is 0.4056420337051577

2020-04-22 22:39:40,994 - [INFO] - from org.deeplearning4j.optimize.listeners.ScoreIterationListener in main
                
Score at iteration 4900 is 0.5176871889389726

2020-04-22 22:39:44,767 - [INFO] - from org.deeplearning4j.optimize.listeners.ScoreIterationListener in main
                
Score at iteration 5000 is 0.47317034564414207

2020-04-22 22:39:48,612 - [INFO] - from org.deeplearning4j.optimize.listeners.ScoreIterationListener in main
                
Score at iteration 5100 is 0.49119389573930605

2020-04-22 22:39:52,460 - [INFO] - from org.deeplearning4j.optimize.listeners.ScoreIterationListener in main
                
Score at iteration 5200 is 0.5206860042319524

2020-04-22 22:39:56,241 - [INFO] - from org.deeplearning4j.optimize.listeners.ScoreIterationListener in main
                
Score at iteration 5300 is 0.39674268788758

2020-04-22 22:40:00,207 - [INFO] - from org.deeplearning4j.optimize.listeners.ScoreIterationListener in main
                
Score at iteration 5400 is 0.35480811325062045

2020-04-22 22:40:04,204 - [INFO] - from org.deeplearning4j.optimize.listeners.ScoreIterationListener in main
                
Score at iteration 5500 is 0.4045783175080791

2020-04-22 22:40:08,202 - [INFO] - from org.deeplearning4j.optimize.listeners.ScoreIterationListener in main
                
Score at iteration 5600 is 0.4731721378230519

2020-04-22 22:40:12,887 - [INFO] - from org.deeplearning4j.optimize.listeners.ScoreIterationListener in main
                
Score at iteration 5700 is 0.47186840749762726

2020-04-22 22:40:16,815 - [INFO] - from org.deeplearning4j.optimize.listeners.ScoreIterationListener in main
                
Score at iteration 5800 is 0.3948290552063141

2020-04-22 22:40:20,695 - [INFO] - from org.deeplearning4j.optimize.listeners.ScoreIterationListener in main
                
Score at iteration 5900 is 0.48601099362975964

2020-04-22 22:40:25,044 - [INFO] - from org.deeplearning4j.optimize.listeners.ScoreIterationListener in main
                
Score at iteration 6000 is 0.4947029702452397

2020-04-22 22:40:30,136 - [INFO] - from org.deeplearning4j.optimize.listeners.ScoreIterationListener in main
                
Score at iteration 6100 is 0.3677006596945321

2020-04-22 22:40:34,756 - [INFO] - from org.deeplearning4j.optimize.listeners.ScoreIterationListener in main
                
Score at iteration 6200 is 0.3809814631950083

2020-04-22 22:40:39,663 - [INFO] - from org.deeplearning4j.optimize.listeners.ScoreIterationListener in main
                
Score at iteration 6300 is 0.36828640865708295

2020-04-22 22:40:44,229 - [INFO] - from org.deeplearning4j.optimize.listeners.ScoreIterationListener in main
                
Score at iteration 6400 is 0.42138016293818514

2020-04-22 22:40:48,685 - [INFO] - from org.deeplearning4j.optimize.listeners.ScoreIterationListener in main
                
Score at iteration 6500 is 0.5003733136350733

2020-04-22 22:40:53,936 - [INFO] - from org.deeplearning4j.optimize.listeners.ScoreIterationListener in main
                
Score at iteration 6600 is 0.5051809441793319

2020-04-22 22:40:58,521 - [INFO] - from org.deeplearning4j.optimize.listeners.ScoreIterationListener in main
                
Score at iteration 6700 is 0.4688546649449563

2020-04-22 22:41:02,632 - [INFO] - from org.deeplearning4j.optimize.listeners.ScoreIterationListener in main
                
Score at iteration 6800 is 0.5911556939775046

2020-04-22 22:41:06,666 - [INFO] - from org.deeplearning4j.optimize.listeners.ScoreIterationListener in main
                
Score at iteration 6900 is 0.4117522629179766

2020-04-22 22:41:10,716 - [INFO] - from org.deeplearning4j.optimize.listeners.ScoreIterationListener in main
                
Score at iteration 7000 is 0.5231416521761139

2020-04-22 22:41:14,724 - [INFO] - from org.deeplearning4j.optimize.listeners.ScoreIterationListener in main
                
Score at iteration 7100 is 0.4152328392163045

2020-04-22 22:41:18,744 - [INFO] - from org.deeplearning4j.optimize.listeners.ScoreIterationListener in main
                
Score at iteration 7200 is 0.3900813937787143

2020-04-22 22:41:22,827 - [INFO] - from org.deeplearning4j.optimize.listeners.ScoreIterationListener in main
                
Score at iteration 7300 is 0.4766720868724762

2020-04-22 22:41:26,887 - [INFO] - from org.deeplearning4j.optimize.listeners.ScoreIterationListener in main
                
Score at iteration 7400 is 0.36672841008677226

2020-04-22 22:41:31,094 - [INFO] - from org.deeplearning4j.optimize.listeners.ScoreIterationListener in main
                
Score at iteration 7500 is 0.4864733042435708

2020-04-22 22:41:35,241 - [INFO] - from org.deeplearning4j.optimize.listeners.ScoreIterationListener in main
                
Score at iteration 7600 is 0.4567876850227025

2020-04-22 22:41:39,322 - [INFO] - from org.deeplearning4j.optimize.listeners.ScoreIterationListener in main
                
Score at iteration 7700 is 0.4669080155269687

2020-04-22 22:41:43,387 - [INFO] - from org.deeplearning4j.optimize.listeners.ScoreIterationListener in main
                
Score at iteration 7800 is 0.3486869967929706

2020-04-22 22:41:47,486 - [INFO] - from org.deeplearning4j.optimize.listeners.ScoreIterationListener in main
                
Score at iteration 7900 is 0.3468810786228338

2020-04-22 22:41:51,571 - [INFO] - from org.deeplearning4j.optimize.listeners.ScoreIterationListener in main
                
Score at iteration 8000 is 0.5025296952150821

2020-04-22 22:41:55,738 - [INFO] - from org.deeplearning4j.optimize.listeners.ScoreIterationListener in main
                
Score at iteration 8100 is 0.4150180180768199

2020-04-22 22:41:59,906 - [INFO] - from org.deeplearning4j.optimize.listeners.ScoreIterationListener in main
                
Score at iteration 8200 is 0.5089975091915323

2020-04-22 22:42:04,063 - [INFO] - from org.deeplearning4j.optimize.listeners.ScoreIterationListener in main
                
Score at iteration 8300 is 0.3457429362010853

2020-04-22 22:42:08,213 - [INFO] - from org.deeplearning4j.optimize.listeners.ScoreIterationListener in main
                
Score at iteration 8400 is 0.4483063090670286

2020-04-22 22:42:12,476 - [INFO] - from org.deeplearning4j.optimize.listeners.ScoreIterationListener in main
                
Score at iteration 8500 is 0.4965954030894407

2020-04-22 22:42:16,584 - [INFO] - from org.deeplearning4j.optimize.listeners.ScoreIterationListener in main
                
Score at iteration 8600 is 0.4453157702025523

2020-04-22 22:42:20,751 - [INFO] - from org.deeplearning4j.optimize.listeners.ScoreIterationListener in main
                
Score at iteration 8700 is 0.4359615024664317

2020-04-22 22:42:24,880 - [INFO] - from org.deeplearning4j.optimize.listeners.ScoreIterationListener in main
                
Score at iteration 8800 is 0.42422050627591235

2020-04-22 22:47:42,242 - [INFO] - from org.nd4j.linalg.factory.Nd4jBackend in main
                
Loaded [CpuBackend] backend

2020-04-22 22:47:42,854 - [INFO] - from org.nd4j.nativeblas.NativeOpsHolder in main
                
Number of threads used for linear algebra: 4

2020-04-22 22:47:42,855 - [WARN] - from org.nd4j.linalg.cpu.nativecpu.CpuNDArrayFactory in main
                
*********************************** CPU Feature Check Warning ***********************************

2020-04-22 22:47:42,855 - [WARN] - from org.nd4j.linalg.cpu.nativecpu.CpuNDArrayFactory in main
                
Warning: Initializing ND4J with Generic x86 binary on a CPU with AVX/AVX2 support

2020-04-22 22:47:42,855 - [WARN] - from org.nd4j.linalg.cpu.nativecpu.CpuNDArrayFactory in main
                
Using ND4J with AVX/AVX2 will improve performance. See deeplearning4j.org/cpu for more details

2020-04-22 22:47:42,855 - [WARN] - from org.nd4j.linalg.cpu.nativecpu.CpuNDArrayFactory in main
                
Or set environment variable ND4J_IGNORE_AVX=true to suppress this warning

2020-04-22 22:47:42,855 - [WARN] - from org.nd4j.linalg.cpu.nativecpu.CpuNDArrayFactory in main
                
*************************************************************************************************

2020-04-22 22:47:42,896 - [INFO] - from org.nd4j.nativeblas.Nd4jBlas in main
                
Number of threads used for OpenMP BLAS: 4

2020-04-22 22:47:42,904 - [INFO] - from org.nd4j.linalg.api.ops.executioner.DefaultOpExecutioner in main
                
Backend used: [CPU]; OS: [Linux]

2020-04-22 22:47:42,905 - [INFO] - from org.nd4j.linalg.api.ops.executioner.DefaultOpExecutioner in main
                
Cores: [8]; Memory: [3.4GB];

2020-04-22 22:47:42,905 - [INFO] - from org.nd4j.linalg.api.ops.executioner.DefaultOpExecutioner in main
                
Blas vendor: [OPENBLAS]

2020-04-22 22:47:42,951 - [INFO] - from org.deeplearning4j.nn.multilayer.MultiLayerNetwork in main
                
Starting MultiLayerNetwork with WorkspaceModes set to [training: ENABLED; inference: ENABLED], cacheMode set to [NONE]

2020-04-22 22:47:43,275 - [INFO] - from org.deeplearning4j.optimize.listeners.ScoreIterationListener in main
                
Score at iteration 0 is 3.98243125609677

2020-04-22 22:47:45,023 - [INFO] - from org.deeplearning4j.optimize.listeners.ScoreIterationListener in main
                
Score at iteration 100 is 1.444789293349519

2020-04-22 22:47:46,566 - [INFO] - from org.deeplearning4j.optimize.listeners.ScoreIterationListener in main
                
Score at iteration 200 is 1.1462253164058478

2020-04-22 22:47:48,095 - [INFO] - from org.deeplearning4j.optimize.listeners.ScoreIterationListener in main
                
Score at iteration 300 is 0.8248835576879049

2020-04-22 22:47:49,537 - [INFO] - from org.deeplearning4j.optimize.listeners.ScoreIterationListener in main
                
Score at iteration 400 is 0.7794742524552903

2020-04-22 22:47:51,060 - [INFO] - from org.deeplearning4j.optimize.listeners.ScoreIterationListener in main
                
Score at iteration 500 is 0.8021844632674031

2020-04-22 22:47:52,590 - [INFO] - from org.deeplearning4j.optimize.listeners.ScoreIterationListener in main
                
Score at iteration 600 is 0.8341021314387123

2020-04-22 22:47:54,151 - [INFO] - from org.deeplearning4j.optimize.listeners.ScoreIterationListener in main
                
Score at iteration 700 is 0.8597887015072869

2020-04-22 22:47:55,695 - [INFO] - from org.deeplearning4j.optimize.listeners.ScoreIterationListener in main
                
Score at iteration 800 is 0.6852116929794727

2020-04-22 22:47:57,236 - [INFO] - from org.deeplearning4j.optimize.listeners.ScoreIterationListener in main
                
Score at iteration 900 is 0.8015899949449086

2020-04-22 22:47:58,776 - [INFO] - from org.deeplearning4j.optimize.listeners.ScoreIterationListener in main
                
Score at iteration 1000 is 0.6902724420967694

2020-04-22 22:48:00,297 - [INFO] - from org.deeplearning4j.optimize.listeners.ScoreIterationListener in main
                
Score at iteration 1100 is 0.6652937055582443

2020-04-22 22:48:01,761 - [INFO] - from org.deeplearning4j.optimize.listeners.ScoreIterationListener in main
                
Score at iteration 1200 is 0.6497531112166791

2020-04-22 22:48:03,316 - [INFO] - from org.deeplearning4j.optimize.listeners.ScoreIterationListener in main
                
Score at iteration 1300 is 0.5896828149593459

2020-04-22 22:48:05,005 - [INFO] - from org.deeplearning4j.optimize.listeners.ScoreIterationListener in main
                
Score at iteration 1400 is 0.5305885537889707

2020-04-22 22:48:06,750 - [INFO] - from org.deeplearning4j.optimize.listeners.ScoreIterationListener in main
                
Score at iteration 1500 is 0.5782701114128468

2020-04-22 22:48:09,704 - [INFO] - from org.deeplearning4j.optimize.listeners.ScoreIterationListener in main
                
Score at iteration 1600 is 0.6646130310897461

2020-04-22 22:48:13,916 - [INFO] - from org.deeplearning4j.optimize.listeners.ScoreIterationListener in main
                
Score at iteration 1700 is 0.5589825512653195

